<?xml version="1.0" encoding="UTF-8"?>
<testng-results ignored="0" total="5" passed="5" failed="0" skipped="0">
  <reporter-output>
  </reporter-output>
  <suite started-at="2021-12-22T13:03:00 GST" name="All Test Suite" finished-at="2021-12-22T13:03:02 GST" duration-ms="1457">
    <groups>
    </groups>
    <test started-at="2021-12-22T13:03:00 GST" name="D:/Study/RestAssured" finished-at="2021-12-22T13:03:02 GST" duration-ms="1457">
      <class name="testCases.creditapiSimulatorTests">
        <test-method signature="test_getAllRecordedSimulations()[pri:0, instance:testCases.creditapiSimulatorTests@b7f23d9]" started-at="2021-12-22T13:03:00 GST" name="test_getAllRecordedSimulations" finished-at="2021-12-22T13:03:01 GST" duration-ms="1073" status="PASS">
          <reporter-output>
          </reporter-output>
        </test-method> <!-- test_getAllRecordedSimulations -->
        <test-method signature="test_addNewRecord()[pri:1, instance:testCases.creditapiSimulatorTests@b7f23d9]" started-at="2021-12-22T13:03:01 GST" name="test_addNewRecord" finished-at="2021-12-22T13:03:02 GST" duration-ms="265" status="PASS">
          <reporter-output>
          </reporter-output>
        </test-method> <!-- test_addNewRecord -->
        <test-method signature="test_getSimulation()[pri:2, instance:testCases.creditapiSimulatorTests@b7f23d9]" started-at="2021-12-22T13:03:02 GST" name="test_getSimulation" finished-at="2021-12-22T13:03:02 GST" duration-ms="20" status="PASS">
          <reporter-output>
          </reporter-output>
        </test-method> <!-- test_getSimulation -->
        <test-method signature="test_updateSimulation()[pri:3, instance:testCases.creditapiSimulatorTests@b7f23d9]" started-at="2021-12-22T13:03:02 GST" name="test_updateSimulation" finished-at="2021-12-22T13:03:02 GST" duration-ms="42" status="PASS">
          <reporter-output>
          </reporter-output>
        </test-method> <!-- test_updateSimulation -->
        <test-method signature="test_deleteSimulation()[pri:4, instance:testCases.creditapiSimulatorTests@b7f23d9]" started-at="2021-12-22T13:03:02 GST" name="test_deleteSimulation" finished-at="2021-12-22T13:03:02 GST" duration-ms="24" status="PASS">
          <reporter-output>
          </reporter-output>
        </test-method> <!-- test_deleteSimulation -->
      </class> <!-- testCases.creditapiSimulatorTests -->
    </test> <!-- D:/Study/RestAssured -->
  </suite> <!-- All Test Suite -->
</testng-results>
